# JRE version: OpenJDK Runtime Environment (8.0_171-b11) (build 1.8.0_171-8u171-b11-0ubuntu0.17.10.1-b11)
# Java VM: OpenJDK 64-Bit Server VM (25.171-b11 mixed mode linux-amd64 compressed oops)
Heap:
 PSYoungGen      total 577536K, used 486820K [0x00000000d5580000, 0x00000000ffd00000, 0x0000000100000000)
  eden space 478720K, 100% used [0x00000000d5580000,0x00000000f2900000,0x00000000f2900000)
  from space 98816K, 8% used [0x00000000f2900000,0x00000000f30e9388,0x00000000f8980000)
  to   space 95232K, 12% used [0x00000000fa000000,0x00000000fab6c448,0x00000000ffd00000)
 ParOldGen       total 562688K, used 414839K [0x0000000080000000, 0x00000000a2580000, 0x00000000d5580000)
  object space 562688K, 73% used [0x0000000080000000,0x000000009951ddc0,0x00000000a2580000)
 Metaspace       used 171232K, capacity 183754K, committed 183976K, reserved 1210368K
  class space    used 21555K, capacity 23890K, committed 23976K, reserved 1048576K
GC Heap History (10 events):
Event: 845.436 GC heap after
Heap after GC invocations=89 (full 8):
 PSYoungGen      total 547328K, used 24696K [0x00000000d5580000, 0x00000000ff180000, 0x0000000100000000)
  eden space 415232K, 0% used [0x00000000d5580000,0x00000000d5580000,0x00000000eeb00000)
  from space 132096K, 18% used [0x00000000eeb00000,0x00000000f031e088,0x00000000f6c00000)
  to   space 122880K, 0% used [0x00000000f7980000,0x00000000f7980000,0x00000000ff180000)
 ParOldGen       total 562688K, used 398718K [0x0000000080000000, 0x00000000a2580000, 0x00000000d5580000)
  object space 562688K, 70% used [0x0000000080000000,0x000000009855f808,0x00000000a2580000)
 Metaspace       used 171216K, capacity 183750K, committed 183976K, reserved 1210368K
  class space    used 21555K, capacity 23890K, committed 23976K, reserved 1048576K
}
Event: 846.338 GC heap before
{Heap before GC invocations=90 (full 8):
 PSYoungGen      total 547328K, used 439928K [0x00000000d5580000, 0x00000000ff180000, 0x0000000100000000)
  eden space 415232K, 100% used [0x00000000d5580000,0x00000000eeb00000,0x00000000eeb00000)
  from space 132096K, 18% used [0x00000000eeb00000,0x00000000f031e088,0x00000000f6c00000)
  to   space 122880K, 0% used [0x00000000f7980000,0x00000000f7980000,0x00000000ff180000)
 ParOldGen       total 562688K, used 398718K [0x0000000080000000, 0x00000000a2580000, 0x00000000d5580000)
  object space 562688K, 70% used [0x0000000080000000,0x000000009855f808,0x00000000a2580000)
 Metaspace       used 171217K, capacity 183750K, committed 183976K, reserved 1210368K
  class space    used 21555K, capacity 23890K, committed 23976K, reserved 1048576K
Event: 846.372 GC heap after
Heap after GC invocations=90 (full 8):
 PSYoungGen      total 553984K, used 30032K [0x00000000d5580000, 0x00000000fe500000, 0x0000000100000000)
  eden space 443904K, 0% used [0x00000000d5580000,0x00000000d5580000,0x00000000f0700000)
  from space 110080K, 27% used [0x00000000f7980000,0x00000000f96d40a0,0x00000000fe500000)
  to   space 113664K, 0% used [0x00000000f0700000,0x00000000f0700000,0x00000000f7600000)
 ParOldGen       total 562688K, used 398718K [0x0000000080000000, 0x00000000a2580000, 0x00000000d5580000)
  object space 562688K, 70% used [0x0000000080000000,0x000000009855f808,0x00000000a2580000)
 Metaspace       used 171217K, capacity 183750K, committed 183976K, reserved 1210368K
  class space    used 21555K, capacity 23890K, committed 23976K, reserved 1048576K
}
Event: 847.310 GC heap before
{Heap before GC invocations=91 (full 8):
 PSYoungGen      total 553984K, used 473936K [0x00000000d5580000, 0x00000000fe500000, 0x0000000100000000)
  eden space 443904K, 100% used [0x00000000d5580000,0x00000000f0700000,0x00000000f0700000)
  from space 110080K, 27% used [0x00000000f7980000,0x00000000f96d40a0,0x00000000fe500000)
  to   space 113664K, 0% used [0x00000000f0700000,0x00000000f0700000,0x00000000f7600000)
 ParOldGen       total 562688K, used 398718K [0x0000000080000000, 0x00000000a2580000, 0x00000000d5580000)
  object space 562688K, 70% used [0x0000000080000000,0x000000009855f808,0x00000000a2580000)
 Metaspace       used 171218K, capacity 183750K, committed 183976K, reserved 1210368K
  class space    used 21555K, capacity 23890K, committed 23976K, reserved 1048576K
Event: 847.334 GC heap after
Heap after GC invocations=91 (full 8):
 PSYoungGen      total 557568K, used 24454K [0x00000000d5580000, 0x00000000ff580000, 0x0000000100000000)
  eden space 443904K, 0% used [0x00000000d5580000,0x00000000d5580000,0x00000000f0700000)
  from space 113664K, 21% used [0x00000000f0700000,0x00000000f1ee1828,0x00000000f7600000)
  to   space 106496K, 0% used [0x00000000f8d80000,0x00000000f8d80000,0x00000000ff580000)
 ParOldGen       total 562688K, used 399933K [0x0000000080000000, 0x00000000a2580000, 0x00000000d5580000)
  object space 562688K, 71% used [0x0000000080000000,0x000000009868f7a8,0x00000000a2580000)
 Metaspace       used 171218K, capacity 183750K, committed 183976K, reserved 1210368K
  class space    used 21555K, capacity 23890K, committed 23976K, reserved 1048576K
}
Event: 848.105 GC heap before
{Heap before GC invocations=92 (full 8):
 PSYoungGen      total 557568K, used 468358K [0x00000000d5580000, 0x00000000ff580000, 0x0000000100000000)
  eden space 443904K, 100% used [0x00000000d5580000,0x00000000f0700000,0x00000000f0700000)
  from space 113664K, 21% used [0x00000000f0700000,0x00000000f1ee1828,0x00000000f7600000)
  to   space 106496K, 0% used [0x00000000f8d80000,0x00000000f8d80000,0x00000000ff580000)
 ParOldGen       total 562688K, used 399933K [0x0000000080000000, 0x00000000a2580000, 0x00000000d5580000)
  object space 562688K, 71% used [0x0000000080000000,0x000000009868f7a8,0x00000000a2580000)
 Metaspace       used 171220K, capacity 183750K, committed 183976K, reserved 1210368K
  class space    used 21555K, capacity 23890K, committed 23976K, reserved 1048576K
Event: 848.130 GC heap after
Heap after GC invocations=92 (full 8):
 PSYoungGen      total 573440K, used 27342K [0x00000000d5580000, 0x00000000fea00000, 0x0000000100000000)
  eden space 478720K, 0% used [0x00000000d5580000,0x00000000d5580000,0x00000000f2900000)
  from space 94720K, 28% used [0x00000000f8d80000,0x00000000fa833ac0,0x00000000fea00000)
  to   space 98816K, 0% used [0x00000000f2900000,0x00000000f2900000,0x00000000f8980000)
 ParOldGen       total 562688K, used 400751K [0x0000000080000000, 0x00000000a2580000, 0x00000000d5580000)
  object space 562688K, 71% used [0x0000000080000000,0x000000009875bf60,0x00000000a2580000)
 Metaspace       used 171220K, capacity 183750K, committed 183976K, reserved 1210368K
  class space    used 21555K, capacity 23890K, committed 23976K, reserved 1048576K
}
Event: 849.003 GC heap before
{Heap before GC invocations=93 (full 8):
 PSYoungGen      total 573440K, used 506062K [0x00000000d5580000, 0x00000000fea00000, 0x0000000100000000)
  eden space 478720K, 100% used [0x00000000d5580000,0x00000000f2900000,0x00000000f2900000)
  from space 94720K, 28% used [0x00000000f8d80000,0x00000000fa833ac0,0x00000000fea00000)
  to   space 98816K, 0% used [0x00000000f2900000,0x00000000f2900000,0x00000000f8980000)
 ParOldGen       total 562688K, used 400751K [0x0000000080000000, 0x00000000a2580000, 0x00000000d5580000)
  object space 562688K, 71% used [0x0000000080000000,0x000000009875bf60,0x00000000a2580000)
 Metaspace       used 171227K, capacity 183750K, committed 183976K, reserved 1210368K
  class space    used 21555K, capacity 23890K, committed 23976K, reserved 1048576K
Event: 849.036 GC heap after
Heap after GC invocations=93 (full 8):
 PSYoungGen      total 577536K, used 8100K [0x00000000d5580000, 0x00000000ffd00000, 0x0000000100000000)
  eden space 478720K, 0% used [0x00000000d5580000,0x00000000d5580000,0x00000000f2900000)
  from space 98816K, 8% used [0x00000000f2900000,0x00000000f30e9388,0x00000000f8980000)
  to   space 95232K, 0% used [0x00000000fa000000,0x00000000fa000000,0x00000000ffd00000)
 ParOldGen       total 562688K, used 414039K [0x0000000080000000, 0x00000000a2580000, 0x00000000d5580000)
  object space 562688K, 73% used [0x0000000080000000,0x0000000099455eb8,0x00000000a2580000)
 Metaspace       used 171227K, capacity 183750K, committed 183976K, reserved 1210368K
  class space    used 21555K, capacity 23890K, committed 23976K, reserved 1048576K
}
Event: 849.845 GC heap before
{Heap before GC invocations=94 (full 8):
 PSYoungGen      total 577536K, used 486820K [0x00000000d5580000, 0x00000000ffd00000, 0x0000000100000000)
  eden space 478720K, 100% used [0x00000000d5580000,0x00000000f2900000,0x00000000f2900000)
  from space 98816K, 8% used [0x00000000f2900000,0x00000000f30e9388,0x00000000f8980000)
  to   space 95232K, 0% used [0x00000000fa000000,0x00000000fa000000,0x00000000ffd00000)
 ParOldGen       total 562688K, used 414039K [0x0000000080000000, 0x00000000a2580000, 0x00000000d5580000)
  object space 562688K, 73% used [0x0000000080000000,0x0000000099455eb8,0x00000000a2580000)
 Metaspace       used 171232K, capacity 183754K, committed 183976K, reserved 1210368K
  class space    used 21555K, capacity 23890K, committed 23976K, reserved 1048576K

